{"contracts\\Token.sol":{"l":{"20":18,"21":18,"22":18,"30":4,"31":3,"32":3,"43":5,"50":1},"path":"D:\\CODE\\solidity\\hardhat\\contracts\\Token.sol","s":{"1":4},"b":{"1":[3,1]},"f":{"1":18,"2":4,"3":5,"4":1},"fnMap":{"1":{"name":"constructor","line":19,"loc":{"start":{"line":19,"column":4},"end":{"line":23,"column":4}}},"2":{"name":"transfer","line":29,"loc":{"start":{"line":29,"column":4},"end":{"line":33,"column":4}}},"3":{"name":"balanceOf","line":38,"loc":{"start":{"line":38,"column":4},"end":{"line":44,"column":4}}},"4":{"name":"getTotalSupply","line":49,"loc":{"start":{"line":49,"column":4},"end":{"line":51,"column":4}}}},"statementMap":{"1":{"start":{"line":30,"column":8},"end":{"line":30,"column":67}}},"branchMap":{"1":{"line":30,"type":"if","locations":[{"start":{"line":30,"column":8},"end":{"line":30,"column":8}},{"start":{"line":30,"column":8},"end":{"line":30,"column":8}}]}}}}